2025-55-02 11:55:16 INFO  com.example.exam.ExamApplication -msg
2025-55-02 11:55:16 INFO  com.example.exam.ExamApplication -msg
2025-55-02 11:55:17 INFO  o.s.b.w.e.tomcat.TomcatWebServer -msg
2025-55-02 11:55:17 INFO  o.a.catalina.core.StandardService -msg
2025-55-02 11:55:17 INFO  o.a.catalina.core.StandardEngine -msg
2025-55-02 11:55:17 INFO  o.a.c.c.C.[Tomcat].[localhost].[/] -msg
2025-55-02 11:55:17 INFO  o.s.b.w.s.c.ServletWebServerApplicationContext -msg
2025-55-02 11:55:17 INFO  o.s.v.b.OptionalValidatorFactoryBean -msg
2025-55-02 11:55:17 INFO  com.zaxxer.hikari.HikariDataSource -msg
2025-55-02 11:55:17 INFO  com.zaxxer.hikari.pool.HikariPool -msg
2025-55-02 11:55:17 INFO  com.zaxxer.hikari.HikariDataSource -msg
2025-55-02 11:55:17 INFO  liquibase.database -msg
2025-55-02 11:55:17 INFO  liquibase.changelog -msg
2025-55-02 11:55:17 INFO  liquibase.changelog -msg
2025-55-02 11:55:17 INFO  liquibase.changelog -msg
2025-55-02 11:55:17 INFO  liquibase.snapshot -msg
2025-55-02 11:55:17 INFO  liquibase.lockservice -msg
2025-55-02 11:55:17 INFO  liquibase.command -msg
2025-55-02 11:55:17 INFO  liquibase.changelog -msg
2025-55-02 11:55:17 INFO  liquibase.ui -msg
2025-55-02 11:55:17 INFO  liquibase.changelog -msg
2025-55-02 11:55:17 INFO  liquibase.changelog -msg
2025-55-02 11:55:17 INFO  liquibase.ui -msg
2025-55-02 11:55:17 INFO  liquibase.changelog -msg
2025-55-02 11:55:17 INFO  liquibase.changelog -msg
2025-55-02 11:55:17 INFO  liquibase.ui -msg
2025-55-02 11:55:17 INFO  liquibase.changelog -msg
2025-55-02 11:55:17 INFO  liquibase.changelog -msg
2025-55-02 11:55:17 INFO  liquibase.ui -msg
2025-55-02 11:55:17 INFO  liquibase.changelog -msg
2025-55-02 11:55:17 INFO  liquibase.changelog -msg
2025-55-02 11:55:17 INFO  liquibase.util -msg
2025-55-02 11:55:17 INFO  liquibase.util -msg
2025-55-02 11:55:17 INFO  liquibase.util -msg
2025-55-02 11:55:17 INFO  liquibase.util -msg
2025-55-02 11:55:17 INFO  liquibase.util -msg
2025-55-02 11:55:17 INFO  liquibase.util -msg
2025-55-02 11:55:17 INFO  liquibase.util -msg
2025-55-02 11:55:17 INFO  liquibase.command -msg
2025-55-02 11:55:17 INFO  liquibase.ui -msg
2025-55-02 11:55:17 INFO  liquibase.lockservice -msg
2025-55-02 11:55:17 INFO  liquibase.command -msg
2025-55-02 11:55:20 WARN  o.s.b.a.s.s.UserDetailsServiceAutoConfiguration -msg
2025-55-02 11:55:20 INFO  o.s.s.c.a.a.c.InitializeUserDetailsBeanManagerConfigurer$InitializeUserDetailsManagerConfigurer -msg
2025-55-02 11:55:20 DEBUG o.s.s.web.DefaultSecurityFilterChain -msg
2025-55-02 11:55:20 INFO  o.s.b.w.e.tomcat.TomcatWebServer -msg
2025-55-02 11:55:20 INFO  com.example.exam.ExamApplication -msg
2025-06-02 12:06:41 INFO  o.s.b.w.e.tomcat.GracefulShutdown -msg
2025-06-02 12:06:41 INFO  o.s.b.w.e.tomcat.GracefulShutdown -msg
2025-06-02 12:06:41 INFO  com.zaxxer.hikari.HikariDataSource -msg
2025-06-02 12:06:41 INFO  com.zaxxer.hikari.HikariDataSource -msg
2025-13-02 12:13:21 INFO  com.example.exam.ExamApplication -msg
2025-13-02 12:13:21 INFO  com.example.exam.ExamApplication -msg
2025-13-02 12:13:22 INFO  o.s.b.w.e.tomcat.TomcatWebServer -msg
2025-13-02 12:13:22 INFO  o.a.catalina.core.StandardService -msg
2025-13-02 12:13:22 INFO  o.a.catalina.core.StandardEngine -msg
2025-13-02 12:13:22 INFO  o.a.c.c.C.[Tomcat].[localhost].[/] -msg
2025-13-02 12:13:22 INFO  o.s.b.w.s.c.ServletWebServerApplicationContext -msg
2025-13-02 12:13:22 INFO  o.s.v.b.OptionalValidatorFactoryBean -msg
2025-13-02 12:13:22 INFO  com.zaxxer.hikari.HikariDataSource -msg
2025-13-02 12:13:22 INFO  com.zaxxer.hikari.pool.HikariPool -msg
2025-13-02 12:13:22 INFO  com.zaxxer.hikari.HikariDataSource -msg
2025-13-02 12:13:22 INFO  liquibase.database -msg
2025-13-02 12:13:22 INFO  liquibase.changelog -msg
2025-13-02 12:13:22 INFO  liquibase.changelog -msg
2025-13-02 12:13:22 INFO  liquibase.changelog -msg
2025-13-02 12:13:22 INFO  liquibase.lockservice -msg
2025-13-02 12:13:22 INFO  liquibase.command -msg
2025-13-02 12:13:22 INFO  liquibase.changelog -msg
2025-13-02 12:13:22 INFO  liquibase.ui -msg
2025-13-02 12:13:22 INFO  liquibase.changelog -msg
2025-13-02 12:13:22 INFO  liquibase.changelog -msg
2025-13-02 12:13:22 INFO  liquibase.changelog -msg
2025-13-02 12:13:22 INFO  liquibase.changelog -msg
2025-13-02 12:13:22 INFO  liquibase.ui -msg
2025-13-02 12:13:22 INFO  liquibase.changelog -msg
2025-13-02 12:13:22 INFO  liquibase.changelog -msg
2025-13-02 12:13:22 INFO  liquibase.changelog -msg
2025-13-02 12:13:22 INFO  liquibase.changelog -msg
2025-13-02 12:13:22 INFO  liquibase.ui -msg
2025-13-02 12:13:22 INFO  liquibase.changelog -msg
2025-13-02 12:13:22 INFO  liquibase.changelog -msg
2025-13-02 12:13:22 INFO  liquibase.changelog -msg
2025-13-02 12:13:22 INFO  liquibase.changelog -msg
2025-13-02 12:13:22 INFO  liquibase.util -msg
2025-13-02 12:13:22 INFO  liquibase.util -msg
2025-13-02 12:13:22 INFO  liquibase.util -msg
2025-13-02 12:13:22 INFO  liquibase.util -msg
2025-13-02 12:13:22 INFO  liquibase.util -msg
2025-13-02 12:13:22 INFO  liquibase.util -msg
2025-13-02 12:13:22 INFO  liquibase.util -msg
2025-13-02 12:13:22 INFO  liquibase.command -msg
2025-13-02 12:13:22 INFO  liquibase.ui -msg
2025-13-02 12:13:22 INFO  liquibase.lockservice -msg
2025-13-02 12:13:22 INFO  liquibase.command -msg
2025-13-02 12:13:25 WARN  o.s.b.a.s.s.UserDetailsServiceAutoConfiguration -msg
2025-13-02 12:13:25 INFO  o.s.s.c.a.a.c.InitializeUserDetailsBeanManagerConfigurer$InitializeUserDetailsManagerConfigurer -msg
2025-13-02 12:13:25 DEBUG o.s.s.web.DefaultSecurityFilterChain -msg
2025-13-02 12:13:25 INFO  o.s.b.w.e.tomcat.TomcatWebServer -msg
2025-13-02 12:13:25 INFO  com.example.exam.ExamApplication -msg
2025-42-02 02:42:38 INFO  o.s.b.w.e.tomcat.GracefulShutdown -msg
2025-42-02 02:42:38 INFO  o.s.b.w.e.tomcat.GracefulShutdown -msg
2025-42-02 02:42:38 INFO  com.zaxxer.hikari.HikariDataSource -msg
2025-42-02 02:42:38 INFO  com.zaxxer.hikari.HikariDataSource -msg
2025-42-02 02:42:42 INFO  com.example.exam.ExamApplication -msg
2025-42-02 02:42:42 INFO  com.example.exam.ExamApplication -msg
2025-42-02 02:42:42 INFO  o.s.b.w.e.tomcat.TomcatWebServer -msg
2025-42-02 02:42:42 INFO  o.a.catalina.core.StandardService -msg
2025-42-02 02:42:42 INFO  o.a.catalina.core.StandardEngine -msg
2025-42-02 02:42:42 INFO  o.a.c.c.C.[Tomcat].[localhost].[/] -msg
2025-42-02 02:42:42 INFO  o.s.b.w.s.c.ServletWebServerApplicationContext -msg
2025-42-02 02:42:42 INFO  com.zaxxer.hikari.HikariDataSource -msg
2025-42-02 02:42:45 INFO  com.zaxxer.hikari.pool.HikariPool -msg
2025-42-02 02:42:45 INFO  com.zaxxer.hikari.HikariDataSource -msg
2025-42-02 02:42:45 INFO  liquibase.database -msg
2025-42-02 02:42:45 INFO  liquibase.changelog -msg
2025-42-02 02:42:45 INFO  liquibase.changelog -msg
2025-42-02 02:42:45 INFO  liquibase.changelog -msg
2025-42-02 02:42:45 INFO  liquibase.ui -msg
2025-42-02 02:42:45 INFO  liquibase.changelog -msg
2025-42-02 02:42:45 INFO  liquibase.util -msg
2025-42-02 02:42:45 INFO  liquibase.util -msg
2025-42-02 02:42:45 INFO  liquibase.util -msg
2025-42-02 02:42:45 INFO  liquibase.util -msg
2025-42-02 02:42:45 INFO  liquibase.util -msg
2025-42-02 02:42:45 INFO  liquibase.util -msg
2025-42-02 02:42:45 INFO  liquibase.util -msg
2025-42-02 02:42:45 INFO  liquibase.command -msg
2025-42-02 02:42:48 WARN  o.s.s.c.a.a.c.InitializeUserDetailsBeanManagerConfigurer$InitializeUserDetailsManagerConfigurer -msg
2025-42-02 02:42:48 DEBUG o.s.s.web.DefaultSecurityFilterChain -msg
2025-42-02 02:42:48 INFO  o.s.v.b.OptionalValidatorFactoryBean -msg
2025-42-02 02:42:48 WARN  o.s.b.a.s.s.UserDetailsServiceAutoConfiguration -msg
2025-42-02 02:42:48 INFO  o.s.b.w.e.tomcat.TomcatWebServer -msg
2025-42-02 02:42:48 INFO  com.example.exam.ExamApplication -msg
